<?xml version="1.0" encoding="UTF-8"?>
<testng-results ignored="0" total="1" passed="1" failed="0" skipped="0">
  <reporter-output>
  </reporter-output>
  <suite started-at="2022-08-07T01:00:34 EDT" name="Default suite" finished-at="2022-08-07T01:00:45 EDT" duration-ms="10301">
    <groups>
    </groups>
    <test started-at="2022-08-07T01:00:34 EDT" name="Default test" finished-at="2022-08-07T01:00:45 EDT" duration-ms="10301">
      <class name="productDemoApp.tc.TC_HomePage">
        <test-method is-config="true" signature="setup()[pri:0, instance:productDemoApp.tc.TC_HomePage@be35cd9]" started-at="2022-08-07T01:00:34 EDT" name="setup" finished-at="2022-08-07T01:00:40 EDT" duration-ms="5586" status="PASS">
          <reporter-output>
          </reporter-output>
        </test-method> <!-- setup -->
        <test-method signature="t_01_Validate_Form()[pri:0, instance:productDemoApp.tc.TC_HomePage@be35cd9]" started-at="2022-08-07T01:00:40 EDT" name="t_01_Validate_Form" finished-at="2022-08-07T01:00:45 EDT" duration-ms="4553" status="PASS">
          <reporter-output>
          </reporter-output>
        </test-method> <!-- t_01_Validate_Form -->
        <test-method is-config="true" signature="tearDown()[pri:0, instance:productDemoApp.tc.TC_HomePage@be35cd9]" started-at="2022-08-07T01:00:45 EDT" name="tearDown" finished-at="2022-08-07T01:00:45 EDT" duration-ms="141" status="PASS">
          <reporter-output>
          </reporter-output>
        </test-method> <!-- tearDown -->
      </class> <!-- productDemoApp.tc.TC_HomePage -->
    </test> <!-- Default test -->
  </suite> <!-- Default suite -->
</testng-results>
